2025-06-23 20:50:48,775 | INFO | Watching for file changes with StatReloader
2025-06-23 20:52:34,961 | INFO | D:\Projects\Python_Projects\ProjectManagementApp\project_management_app\project_management_app\urls.py changed, reloading.
2025-06-23 20:52:36,380 | INFO | Watching for file changes with StatReloader
2025-06-23 20:52:39,975 | INFO | D:\Projects\Python_Projects\ProjectManagementApp\project_management_app\project_management_app\urls.py changed, reloading.
2025-06-23 20:52:41,135 | INFO | Watching for file changes with StatReloader
2025-06-23 20:52:47,872 | INFO | D:\Projects\Python_Projects\ProjectManagementApp\project_management_app\project_management_app\urls.py changed, reloading.
2025-06-23 20:52:48,985 | INFO | Watching for file changes with StatReloader
2025-06-23 20:52:52,369 | INFO | D:\Projects\Python_Projects\ProjectManagementApp\project_management_app\project_management_app\urls.py changed, reloading.
2025-06-23 20:52:53,502 | INFO | Watching for file changes with StatReloader
2025-06-23 20:52:56,838 | INFO | D:\Projects\Python_Projects\ProjectManagementApp\project_management_app\project_management_app\urls.py changed, reloading.
2025-06-23 20:52:58,310 | INFO | Watching for file changes with StatReloader
2025-06-23 20:53:00,822 | INFO | D:\Projects\Python_Projects\ProjectManagementApp\project_management_app\project_management_app\urls.py changed, reloading.
2025-06-23 20:53:02,254 | INFO | Watching for file changes with StatReloader
2025-06-23 20:53:03,690 | INFO | D:\Projects\Python_Projects\ProjectManagementApp\project_management_app\project_management_app\urls.py changed, reloading.
2025-06-23 20:53:05,042 | INFO | Watching for file changes with StatReloader
2025-06-23 20:53:10,570 | INFO | D:\Projects\Python_Projects\ProjectManagementApp\project_management_app\project_management_app\urls.py changed, reloading.
2025-06-23 20:53:11,786 | INFO | Watching for file changes with StatReloader
2025-06-27 20:07:19,735 | INFO | Watching for file changes with StatReloader
2025-06-27 20:07:40,787 | INFO | "GET / HTTP/1.1" 200 12068
2025-06-27 20:07:41,193 | WARNING | "GET /favicon.ico HTTP/1.1" 404 2224
2025-06-27 20:10:02,635 | INFO | D:\Projects\Python_Projects\ProjectManagementApp\project_management_app\project_management_app\settings.py changed, reloading.
2025-06-27 20:10:04,295 | INFO | Watching for file changes with StatReloader
2025-06-27 20:10:05,998 | INFO | D:\Projects\Python_Projects\ProjectManagementApp\project_management_app\project_management_app\settings.py changed, reloading.
2025-06-27 21:18:05,776 | INFO | Watching for file changes with StatReloader
2025-06-27 21:25:28,868 | INFO | Watching for file changes with StatReloader
2025-06-27 21:26:13,029 | INFO | Watching for file changes with StatReloader
2025-06-27 21:26:38,264 | INFO | D:\Projects\Python_Projects\ProjectManagementApp\project_management_app\users\urls.py changed, reloading.
2025-06-27 21:26:40,704 | INFO | Watching for file changes with StatReloader
2025-06-27 21:26:42,401 | INFO | D:\Projects\Python_Projects\ProjectManagementApp\project_management_app\users\urls.py changed, reloading.
2025-06-27 21:26:44,482 | INFO | Watching for file changes with StatReloader
2025-06-27 21:26:46,693 | INFO | D:\Projects\Python_Projects\ProjectManagementApp\project_management_app\users\urls.py changed, reloading.
2025-06-27 21:26:49,311 | INFO | Watching for file changes with StatReloader
2025-06-27 21:26:53,863 | INFO | D:\Projects\Python_Projects\ProjectManagementApp\project_management_app\users\urls.py changed, reloading.
2025-06-27 21:26:55,760 | INFO | Watching for file changes with StatReloader
2025-06-27 21:26:58,629 | INFO | D:\Projects\Python_Projects\ProjectManagementApp\project_management_app\users\urls.py changed, reloading.
2025-06-27 21:27:00,716 | INFO | Watching for file changes with StatReloader
2025-06-27 21:27:05,053 | INFO | D:\Projects\Python_Projects\ProjectManagementApp\project_management_app\users\urls.py changed, reloading.
2025-06-27 21:27:07,796 | INFO | Watching for file changes with StatReloader
2025-06-27 21:27:11,634 | INFO | D:\Projects\Python_Projects\ProjectManagementApp\project_management_app\users\urls.py changed, reloading.
2025-06-27 21:27:13,739 | INFO | Watching for file changes with StatReloader
2025-06-27 21:27:15,709 | INFO | D:\Projects\Python_Projects\ProjectManagementApp\project_management_app\users\urls.py changed, reloading.
2025-06-27 21:27:17,790 | INFO | Watching for file changes with StatReloader
2025-06-27 21:27:22,205 | INFO | D:\Projects\Python_Projects\ProjectManagementApp\project_management_app\users\urls.py changed, reloading.
2025-06-27 21:27:24,843 | INFO | Watching for file changes with StatReloader
2025-06-27 21:27:27,596 | INFO | D:\Projects\Python_Projects\ProjectManagementApp\project_management_app\users\urls.py changed, reloading.
2025-06-27 21:27:29,230 | INFO | Watching for file changes with StatReloader
2025-06-27 21:27:40,284 | INFO | D:\Projects\Python_Projects\ProjectManagementApp\project_management_app\users\urls.py changed, reloading.
2025-06-27 21:27:42,877 | INFO | Watching for file changes with StatReloader
2025-06-27 21:28:46,207 | INFO | D:\Projects\Python_Projects\ProjectManagementApp\project_management_app\users\views.py changed, reloading.
2025-06-27 21:28:47,578 | INFO | Watching for file changes with StatReloader
2025-06-27 21:28:49,146 | INFO | D:\Projects\Python_Projects\ProjectManagementApp\project_management_app\users\views.py changed, reloading.
2025-06-27 21:28:50,388 | INFO | Watching for file changes with StatReloader
2025-06-27 21:29:20,913 | INFO | Watching for file changes with StatReloader
2025-06-27 21:29:29,871 | ERROR | "GET / HTTP/1.1" 500 136264
2025-06-27 21:31:02,556 | INFO | "GET / HTTP/1.1" 200 2942
2025-06-27 21:31:08,721 | ERROR | "GET /register-member/ HTTP/1.1" 500 70100
2025-06-27 21:31:37,797 | ERROR | "GET /register-member/ HTTP/1.1" 500 70237
2025-06-27 21:31:43,654 | INFO | "GET / HTTP/1.1" 200 2946
2025-06-27 21:31:46,110 | INFO | "GET /register-member-view HTTP/1.1" 200 4130
2025-06-28 20:22:21,347 | INFO | Watching for file changes with StatReloader
2025-06-28 20:26:23,995 | INFO | Watching for file changes with StatReloader
2025-06-28 21:01:15,593 | INFO | Watching for file changes with StatReloader
2025-06-28 21:01:31,278 | INFO | Watching for file changes with StatReloader
2025-06-28 21:02:26,736 | INFO | Watching for file changes with StatReloader
2025-06-28 21:02:33,563 | INFO | "GET / HTTP/1.1" 200 2946
2025-06-28 21:02:34,052 | WARNING | "GET /favicon.ico HTTP/1.1" 404 3289
2025-06-28 21:03:45,198 | INFO | "GET / HTTP/1.1" 200 2959
2025-06-28 21:04:16,145 | INFO | "GET / HTTP/1.1" 200 1951
2025-06-28 21:04:49,784 | ERROR | "GET / HTTP/1.1" 500 172840
2025-06-28 21:04:50,228 | ERROR | "GET / HTTP/1.1" 500 172840
2025-06-28 21:04:51,252 | ERROR | "GET / HTTP/1.1" 500 172840
2025-06-28 21:05:08,189 | INFO | "GET / HTTP/1.1" 200 2960
2025-06-28 21:05:13,221 | INFO | "GET /register-member-view HTTP/1.1" 200 4144
2025-06-28 21:07:50,505 | INFO | "GET /register-member-view HTTP/1.1" 200 4144
2025-06-28 21:07:50,920 | WARNING | "GET /favicon.ico HTTP/1.1" 404 3289
2025-06-28 21:08:57,812 | INFO | "POST /register-member-view HTTP/1.1" 200 4144
2025-06-30 20:20:05,979 | INFO | Watching for file changes with StatReloader
2025-06-30 20:20:11,340 | INFO | "GET / HTTP/1.1" 200 2960
2025-06-30 20:20:11,925 | WARNING | "GET /favicon.ico HTTP/1.1" 404 3289
2025-06-30 20:20:15,231 | INFO | "GET /register-member-view HTTP/1.1" 200 4144
2025-06-30 20:21:17,023 | INFO | "POST /register-member-view HTTP/1.1" 200 4144
2025-06-30 20:21:26,386 | INFO | D:\Projects\Python_Projects\ProjectManagementApp\project_management_app\users\views.py changed, reloading.
2025-06-30 20:21:28,355 | INFO | Watching for file changes with StatReloader
2025-06-30 20:21:30,004 | INFO | D:\Projects\Python_Projects\ProjectManagementApp\project_management_app\users\views.py changed, reloading.
2025-06-30 20:21:31,586 | INFO | Watching for file changes with StatReloader
2025-06-30 20:21:33,330 | INFO | D:\Projects\Python_Projects\ProjectManagementApp\project_management_app\users\views.py changed, reloading.
2025-06-30 20:21:34,616 | INFO | Watching for file changes with StatReloader
2025-06-30 20:22:02,602 | INFO | "POST /register-member-view HTTP/1.1" 200 4144
2025-06-30 20:23:58,608 | INFO | "POST /register-member-view HTTP/1.1" 200 4171
2025-06-30 20:25:08,131 | INFO | D:\Projects\Python_Projects\ProjectManagementApp\project_management_app\users\views.py changed, reloading.
2025-06-30 20:25:09,762 | INFO | Watching for file changes with StatReloader
2025-06-30 20:25:11,469 | INFO | D:\Projects\Python_Projects\ProjectManagementApp\project_management_app\users\views.py changed, reloading.
2025-06-30 20:25:12,973 | INFO | Watching for file changes with StatReloader
2025-06-30 20:25:17,016 | INFO | D:\Projects\Python_Projects\ProjectManagementApp\project_management_app\users\views.py changed, reloading.
2025-06-30 20:25:18,278 | INFO | Watching for file changes with StatReloader
2025-06-30 20:25:22,008 | INFO | D:\Projects\Python_Projects\ProjectManagementApp\project_management_app\users\views.py changed, reloading.
2025-06-30 20:25:23,250 | INFO | Watching for file changes with StatReloader
2025-06-30 20:25:46,291 | ERROR | "POST /register-member/ HTTP/1.1" 500 90560
2025-06-30 20:26:29,492 | INFO | D:\Projects\Python_Projects\ProjectManagementApp\project_management_app\users\views.py changed, reloading.
2025-06-30 20:26:31,030 | INFO | Watching for file changes with StatReloader
2025-06-30 20:26:33,826 | INFO | D:\Projects\Python_Projects\ProjectManagementApp\project_management_app\users\views.py changed, reloading.
2025-06-30 20:26:35,223 | INFO | Watching for file changes with StatReloader
2025-06-30 20:26:36,986 | INFO | D:\Projects\Python_Projects\ProjectManagementApp\project_management_app\users\views.py changed, reloading.
2025-06-30 20:26:38,234 | INFO | Watching for file changes with StatReloader
2025-06-30 20:26:44,141 | ERROR | "POST /register-member/ HTTP/1.1" 500 90558
2025-06-30 20:56:17,354 | INFO | D:\Projects\Python_Projects\ProjectManagementApp\project_management_app\users\views.py changed, reloading.
2025-06-30 20:56:22,293 | INFO | Watching for file changes with StatReloader
2025-06-30 20:56:24,976 | INFO | D:\Projects\Python_Projects\ProjectManagementApp\project_management_app\users\views.py changed, reloading.
2025-06-30 20:56:26,532 | INFO | Watching for file changes with StatReloader
2025-06-30 20:56:56,830 | INFO | D:\Projects\Python_Projects\ProjectManagementApp\project_management_app\users\views.py changed, reloading.
2025-06-30 20:56:58,397 | INFO | Watching for file changes with StatReloader
2025-06-30 20:57:02,270 | INFO | D:\Projects\Python_Projects\ProjectManagementApp\project_management_app\users\views.py changed, reloading.
2025-06-30 20:57:03,742 | INFO | Watching for file changes with StatReloader
2025-06-30 20:57:05,287 | INFO | D:\Projects\Python_Projects\ProjectManagementApp\project_management_app\users\views.py changed, reloading.
2025-06-30 20:57:06,611 | INFO | Watching for file changes with StatReloader
2025-06-30 20:57:15,007 | INFO | "GET / HTTP/1.1" 200 2960
2025-06-30 20:57:17,953 | INFO | "GET /register-member-view HTTP/1.1" 200 4171
2025-06-30 20:57:40,394 | ERROR | "POST /register-member/ HTTP/1.1" 500 90567
2025-06-30 20:59:40,110 | INFO | D:\Projects\Python_Projects\ProjectManagementApp\project_management_app\users\forms.py changed, reloading.
2025-06-30 20:59:42,373 | INFO | Watching for file changes with StatReloader
2025-06-30 20:59:43,793 | INFO | D:\Projects\Python_Projects\ProjectManagementApp\project_management_app\users\forms.py changed, reloading.
2025-06-30 20:59:46,100 | INFO | Watching for file changes with StatReloader
2025-06-30 20:59:48,235 | INFO | D:\Projects\Python_Projects\ProjectManagementApp\project_management_app\users\forms.py changed, reloading.
2025-06-30 20:59:50,481 | INFO | Watching for file changes with StatReloader
2025-06-30 21:00:00,910 | INFO | "POST /register-member/ HTTP/1.1" 302 0
2025-06-30 21:00:00,949 | INFO | "GET / HTTP/1.1" 200 3115
2025-06-30 21:00:54,163 | INFO | "POST / HTTP/1.1" 200 2960
2025-06-30 21:09:34,778 | INFO | D:\Projects\Python_Projects\ProjectManagementApp\project_management_app\project_management_app\urls.py changed, reloading.
2025-06-30 21:09:36,607 | INFO | Watching for file changes with StatReloader
2025-06-30 21:09:40,894 | INFO | D:\Projects\Python_Projects\ProjectManagementApp\project_management_app\project_management_app\urls.py changed, reloading.
2025-06-30 21:09:42,733 | INFO | Watching for file changes with StatReloader
2025-06-30 21:09:44,514 | INFO | D:\Projects\Python_Projects\ProjectManagementApp\project_management_app\project_management_app\urls.py changed, reloading.
2025-06-30 21:09:46,538 | INFO | Watching for file changes with StatReloader
2025-06-30 21:09:48,322 | INFO | D:\Projects\Python_Projects\ProjectManagementApp\project_management_app\project_management_app\urls.py changed, reloading.
2025-06-30 21:09:50,218 | INFO | Watching for file changes with StatReloader
2025-06-30 21:09:56,359 | INFO | D:\Projects\Python_Projects\ProjectManagementApp\project_management_app\project_management_app\urls.py changed, reloading.
2025-06-30 21:09:58,412 | INFO | Watching for file changes with StatReloader
2025-06-30 21:10:22,081 | INFO | D:\Projects\Python_Projects\ProjectManagementApp\project_management_app\users\views.py changed, reloading.
2025-06-30 21:10:24,117 | INFO | Watching for file changes with StatReloader
2025-06-30 21:10:26,313 | INFO | D:\Projects\Python_Projects\ProjectManagementApp\project_management_app\users\views.py changed, reloading.
2025-06-30 21:10:28,178 | INFO | Watching for file changes with StatReloader
2025-06-30 21:10:30,286 | INFO | D:\Projects\Python_Projects\ProjectManagementApp\project_management_app\users\views.py changed, reloading.
2025-06-30 21:10:32,204 | INFO | Watching for file changes with StatReloader
2025-06-30 21:10:44,386 | INFO | "POST / HTTP/1.1" 200 2960
2025-07-06 21:04:10,948 | INFO | Watching for file changes with StatReloader
2025-07-06 21:04:19,991 | INFO | "GET / HTTP/1.1" 200 2960
2025-07-06 21:04:20,708 | WARNING | "GET /favicon.ico HTTP/1.1" 404 3445
2025-07-06 21:04:31,865 | INFO | "POST / HTTP/1.1" 200 2960
2025-07-06 21:04:50,418 | INFO | D:\Projects\Python_Projects\ProjectManagementApp\project_management_app\users\views.py changed, reloading.
2025-07-06 21:04:52,639 | INFO | Watching for file changes with StatReloader
2025-07-06 21:04:56,903 | INFO | D:\Projects\Python_Projects\ProjectManagementApp\project_management_app\users\views.py changed, reloading.
2025-07-06 21:04:58,970 | INFO | Watching for file changes with StatReloader
2025-07-06 21:05:00,978 | INFO | D:\Projects\Python_Projects\ProjectManagementApp\project_management_app\users\views.py changed, reloading.
2025-07-06 21:05:03,154 | INFO | Watching for file changes with StatReloader
2025-07-06 21:05:06,317 | INFO | D:\Projects\Python_Projects\ProjectManagementApp\project_management_app\users\views.py changed, reloading.
2025-07-06 21:05:08,613 | INFO | Watching for file changes with StatReloader
2025-07-06 21:05:28,295 | INFO | "POST / HTTP/1.1" 200 2960
2025-07-06 21:06:03,994 | INFO | "GET / HTTP/1.1" 200 2960
2025-07-06 21:06:11,630 | WARNING | "GET /dash HTTP/1.1" 404 3424
2025-07-06 21:06:28,351 | WARNING | "GET /project-flow/ HTTP/1.1" 404 3568
2025-07-06 21:06:36,399 | INFO | "GET /project-flow/dashboard HTTP/1.1" 200 14
2025-07-06 21:06:50,914 | INFO | D:\Projects\Python_Projects\ProjectManagementApp\project_management_app\users\views.py changed, reloading.
2025-07-06 21:06:53,816 | INFO | Watching for file changes with StatReloader
2025-07-06 21:06:56,969 | INFO | D:\Projects\Python_Projects\ProjectManagementApp\project_management_app\users\views.py changed, reloading.
2025-07-06 21:06:59,981 | INFO | Watching for file changes with StatReloader
2025-07-06 21:07:01,882 | INFO | D:\Projects\Python_Projects\ProjectManagementApp\project_management_app\users\views.py changed, reloading.
2025-07-06 21:07:03,810 | INFO | Watching for file changes with StatReloader
2025-07-06 21:08:35,357 | INFO | D:\Projects\Python_Projects\ProjectManagementApp\project_management_app\users\views.py changed, reloading.
2025-07-06 21:08:38,515 | INFO | Watching for file changes with StatReloader
2025-07-06 21:08:43,359 | INFO | "GET / HTTP/1.1" 200 2977
2025-07-06 21:08:56,302 | INFO | "POST /login/ HTTP/1.1" 302 0
2025-07-06 21:08:56,312 | INFO | "GET /project-flow/dashboard HTTP/1.1" 200 14
2025-07-06 21:17:45,289 | INFO | D:\Projects\Python_Projects\ProjectManagementApp\project_management_app\project_flow\views.py changed, reloading.
2025-07-06 21:17:47,763 | INFO | Watching for file changes with StatReloader
2025-07-06 21:21:55,125 | INFO | D:\Projects\Python_Projects\ProjectManagementApp\project_management_app\project_management_app\settings.py changed, reloading.
2025-07-06 21:21:57,091 | INFO | Watching for file changes with StatReloader
2025-07-06 21:21:58,734 | INFO | D:\Projects\Python_Projects\ProjectManagementApp\project_management_app\project_management_app\settings.py changed, reloading.
2025-07-06 21:22:00,941 | INFO | Watching for file changes with StatReloader
2025-07-06 21:22:02,451 | INFO | D:\Projects\Python_Projects\ProjectManagementApp\project_management_app\project_management_app\settings.py changed, reloading.
2025-07-06 21:22:04,619 | INFO | Watching for file changes with StatReloader
2025-07-06 21:22:09,401 | ERROR | "GET /project-flow/dashboard HTTP/1.1" 500 200901
2025-07-06 21:24:01,120 | INFO | Watching for file changes with StatReloader
2025-07-06 21:24:04,431 | INFO | "GET /project-flow/dashboard HTTP/1.1" 200 2159
2025-07-06 21:25:20,018 | INFO | D:\Projects\Python_Projects\ProjectManagementApp\project_management_app\project_flow\views.py changed, reloading.
2025-07-06 21:25:22,043 | INFO | Watching for file changes with StatReloader
2025-07-06 21:25:32,363 | INFO | D:\Projects\Python_Projects\ProjectManagementApp\project_management_app\project_flow\views.py changed, reloading.
2025-07-06 21:25:35,236 | INFO | Watching for file changes with StatReloader
2025-07-06 21:25:37,982 | INFO | D:\Projects\Python_Projects\ProjectManagementApp\project_management_app\project_flow\views.py changed, reloading.
2025-07-06 21:25:40,907 | INFO | Watching for file changes with StatReloader
2025-07-06 21:25:42,439 | INFO | D:\Projects\Python_Projects\ProjectManagementApp\project_management_app\project_flow\views.py changed, reloading.
2025-07-06 21:25:44,397 | INFO | Watching for file changes with StatReloader
2025-07-06 21:25:46,238 | INFO | D:\Projects\Python_Projects\ProjectManagementApp\project_management_app\project_flow\views.py changed, reloading.
2025-07-06 21:25:48,354 | INFO | Watching for file changes with StatReloader
2025-07-06 21:25:52,590 | INFO | D:\Projects\Python_Projects\ProjectManagementApp\project_management_app\project_flow\views.py changed, reloading.
2025-07-06 21:25:54,637 | INFO | Watching for file changes with StatReloader
2025-07-06 21:25:56,203 | INFO | D:\Projects\Python_Projects\ProjectManagementApp\project_management_app\project_flow\views.py changed, reloading.
2025-07-06 21:25:58,502 | INFO | Watching for file changes with StatReloader
2025-07-06 21:25:59,995 | INFO | D:\Projects\Python_Projects\ProjectManagementApp\project_management_app\project_flow\views.py changed, reloading.
2025-07-06 21:26:01,923 | INFO | Watching for file changes with StatReloader
2025-07-06 21:26:03,511 | INFO | D:\Projects\Python_Projects\ProjectManagementApp\project_management_app\project_flow\views.py changed, reloading.
2025-07-06 21:26:05,666 | INFO | Watching for file changes with StatReloader
2025-07-06 21:26:10,502 | INFO | D:\Projects\Python_Projects\ProjectManagementApp\project_management_app\project_flow\views.py changed, reloading.
2025-07-06 21:26:13,053 | INFO | Watching for file changes with StatReloader
2025-07-06 21:26:44,834 | INFO | D:\Projects\Python_Projects\ProjectManagementApp\project_management_app\project_flow\views.py changed, reloading.
2025-07-06 21:26:47,003 | INFO | Watching for file changes with StatReloader
2025-07-06 21:27:09,605 | INFO | D:\Projects\Python_Projects\ProjectManagementApp\project_management_app\project_flow\views.py changed, reloading.
2025-07-06 21:27:11,650 | INFO | Watching for file changes with StatReloader
2025-07-06 21:31:42,815 | INFO | D:\Projects\Python_Projects\ProjectManagementApp\project_management_app\project_management_app\settings.py changed, reloading.
2025-07-06 21:31:45,248 | INFO | Watching for file changes with StatReloader
2025-07-06 21:32:31,259 | INFO | D:\Projects\Python_Projects\ProjectManagementApp\project_management_app\project_management_app\urls.py changed, reloading.
2025-07-06 21:32:33,296 | INFO | Watching for file changes with StatReloader
2025-07-06 21:32:38,436 | INFO | D:\Projects\Python_Projects\ProjectManagementApp\project_management_app\project_management_app\urls.py changed, reloading.
2025-07-06 21:32:40,851 | INFO | Watching for file changes with StatReloader
2025-07-06 21:32:42,164 | INFO | D:\Projects\Python_Projects\ProjectManagementApp\project_management_app\project_management_app\urls.py changed, reloading.
2025-07-06 21:32:44,434 | INFO | Watching for file changes with StatReloader
2025-07-06 21:32:58,335 | INFO | D:\Projects\Python_Projects\ProjectManagementApp\project_management_app\project_management_app\urls.py changed, reloading.
2025-07-06 21:33:00,251 | INFO | Watching for file changes with StatReloader
2025-07-06 21:34:15,511 | INFO | D:\Projects\Python_Projects\ProjectManagementApp\project_management_app\project_flow\urls.py changed, reloading.
2025-07-06 21:34:17,568 | INFO | Watching for file changes with StatReloader
2025-07-06 21:35:02,802 | INFO | D:\Projects\Python_Projects\ProjectManagementApp\project_management_app\project_management_app\urls.py changed, reloading.
2025-07-06 21:35:04,543 | INFO | Watching for file changes with StatReloader
2025-07-06 21:35:11,116 | INFO | "GET /project-flow/dashboard HTTP/1.1" 200 2159
2025-07-06 21:35:17,046 | INFO | "GET /project-flow/dashboard HTTP/1.1" 200 2159
2025-07-06 21:35:20,388 | WARNING | "GET /project-flow/ HTTP/1.1" 404 5224
2025-07-06 21:35:36,054 | INFO | "GET /project-flow/project/add/ HTTP/1.1" 302 0
2025-07-06 21:35:36,082 | WARNING | "GET /accounts/login/?next=/project-flow/project/add/ HTTP/1.1" 404 3658
2025-07-06 21:35:41,964 | WARNING | "GET /accounts/login/?next=/project-flow/project/add HTTP/1.1" 404 3657
2025-07-06 21:36:12,708 | INFO | D:\Projects\Python_Projects\ProjectManagementApp\project_management_app\project_flow\views.py changed, reloading.
2025-07-06 21:36:15,340 | INFO | Watching for file changes with StatReloader
2025-07-06 21:36:17,738 | INFO | D:\Projects\Python_Projects\ProjectManagementApp\project_management_app\project_flow\views.py changed, reloading.
2025-07-06 21:36:19,553 | INFO | Watching for file changes with StatReloader
2025-07-06 21:36:21,384 | INFO | D:\Projects\Python_Projects\ProjectManagementApp\project_management_app\project_flow\views.py changed, reloading.
2025-07-06 21:36:23,401 | INFO | Watching for file changes with StatReloader
2025-07-06 21:36:28,880 | WARNING | "GET /accounts/login/?next=/project-flow/project/add HTTP/1.1" 404 3657
2025-07-06 21:36:46,015 | WARNING | "GET /project-flow/add_project/add HTTP/1.1" 404 5269
2025-07-06 21:36:55,718 | INFO | "GET /project-flow/project/add HTTP/1.1" 301 0
2025-07-06 21:36:55,849 | ERROR | "GET /project-flow/project/add/ HTTP/1.1" 500 86859
2025-07-06 21:37:24,042 | INFO | D:\Projects\Python_Projects\ProjectManagementApp\project_management_app\project_flow\views.py changed, reloading.
2025-07-06 21:37:25,989 | INFO | Watching for file changes with StatReloader
2025-07-06 21:37:32,619 | INFO | D:\Projects\Python_Projects\ProjectManagementApp\project_management_app\project_flow\views.py changed, reloading.
2025-07-06 21:37:34,657 | INFO | Watching for file changes with StatReloader
2025-07-06 21:37:43,662 | INFO | D:\Projects\Python_Projects\ProjectManagementApp\project_management_app\project_flow\views.py changed, reloading.
2025-07-06 21:37:45,853 | INFO | Watching for file changes with StatReloader
2025-07-06 21:37:51,473 | INFO | D:\Projects\Python_Projects\ProjectManagementApp\project_management_app\project_flow\views.py changed, reloading.
2025-07-06 21:37:53,474 | INFO | Watching for file changes with StatReloader
2025-07-06 21:37:57,775 | INFO | D:\Projects\Python_Projects\ProjectManagementApp\project_management_app\project_flow\views.py changed, reloading.
2025-07-06 21:38:00,076 | INFO | Watching for file changes with StatReloader
2025-07-06 21:38:05,771 | INFO | "GET /project-flow/project/add/ HTTP/1.1" 200 3263
2025-07-06 21:38:31,040 | WARNING | "GET /project-flow/project HTTP/1.1" 404 5245
2025-07-06 21:38:41,796 | WARNING | "GET /project-flow/ HTTP/1.1" 404 5224
2025-07-06 21:39:21,213 | INFO | D:\Projects\Python_Projects\ProjectManagementApp\project_management_app\project_flow\models.py changed, reloading.
2025-07-06 21:39:24,001 | INFO | Watching for file changes with StatReloader
2025-07-06 21:39:25,679 | INFO | D:\Projects\Python_Projects\ProjectManagementApp\project_management_app\project_flow\models.py changed, reloading.
2025-07-06 21:39:28,093 | INFO | Watching for file changes with StatReloader
2025-07-06 21:39:29,527 | INFO | D:\Projects\Python_Projects\ProjectManagementApp\project_management_app\project_flow\models.py changed, reloading.
2025-07-06 21:39:31,672 | INFO | Watching for file changes with StatReloader
2025-07-06 21:41:15,064 | WARNING | "GET /project-flow/project/ HTTP/1.1" 404 5248
2025-07-06 21:41:21,706 | INFO | "GET /project-flow/project/add/ HTTP/1.1" 200 3263
2025-07-06 21:41:27,741 | WARNING | "GET /.well-known/appspecific/com.chrome.devtools.json HTTP/1.1" 404 3725
2025-07-06 21:42:20,606 | WARNING | "GET /project-flow/project/ HTTP/1.1" 404 5248
2025-07-06 21:42:20,785 | WARNING | "GET /.well-known/appspecific/com.chrome.devtools.json HTTP/1.1" 404 3725
2025-07-06 21:42:35,881 | WARNING | "GET /project-flow/project/1/add HTTP/1.1" 404 5263
2025-07-06 21:42:36,053 | WARNING | "GET /.well-known/appspecific/com.chrome.devtools.json HTTP/1.1" 404 3725
